{"/mnt/c/Users/Ori Zilka/Git/vidly/index.js": {"path":"/mnt/c/Users/Ori Zilka/Git/vidly/index.js","statementMap":{"0":{"start":{"line":1,"column":16},"end":{"line":1,"column":34}},"1":{"start":{"line":2,"column":12},"end":{"line":2,"column":21}},"2":{"start":{"line":3,"column":19},"end":{"line":3,"column":47}},"3":{"start":{"line":5,"column":0},"end":{"line":5,"column":31}},"4":{"start":{"line":6,"column":0},"end":{"line":6,"column":33}},"5":{"start":{"line":7,"column":0},"end":{"line":7,"column":26}},"6":{"start":{"line":8,"column":0},"end":{"line":8,"column":30}},"7":{"start":{"line":9,"column":0},"end":{"line":9,"column":34}},"8":{"start":{"line":15,"column":13},"end":{"line":15,"column":37}},"9":{"start":{"line":16,"column":15},"end":{"line":16,"column":82}},"10":{"start":{"line":16,"column":38},"end":{"line":16,"column":81}},"11":{"start":{"line":18,"column":0},"end":{"line":18,"column":24}}},"fnMap":{"0":{"name":"(anonymous_0)","decl":{"start":{"line":16,"column":32},"end":{"line":16,"column":33}},"loc":{"start":{"line":16,"column":38},"end":{"line":16,"column":81}},"line":16}},"branchMap":{"0":{"loc":{"start":{"line":15,"column":13},"end":{"line":15,"column":37}},"type":"binary-expr","locations":[{"start":{"line":15,"column":13},"end":{"line":15,"column":29}},{"start":{"line":15,"column":33},"end":{"line":15,"column":37}}],"line":15}},"s":{"0":2,"1":2,"2":2,"3":2,"4":2,"5":2,"6":2,"7":2,"8":2,"9":2,"10":2,"11":2},"f":{"0":2},"b":{"0":[2,2]},"_coverageSchema":"1a1c01bbd47fc00a2c39e90264f33305004495a9","hash":"6006f7060400f4adf00d0e4921a9242bfce73bd4"}
,"/mnt/c/Users/Ori Zilka/Git/vidly/middleware/admin.js": {"path":"/mnt/c/Users/Ori Zilka/Git/vidly/middleware/admin.js","statementMap":{"0":{"start":{"line":3,"column":4},"end":{"line":3,"column":72}},"1":{"start":{"line":3,"column":27},"end":{"line":3,"column":72}},"2":{"start":{"line":4,"column":4},"end":{"line":4,"column":11}},"3":{"start":{"line":7,"column":0},"end":{"line":7,"column":27}}},"fnMap":{"0":{"name":"adminAuth","decl":{"start":{"line":2,"column":9},"end":{"line":2,"column":18}},"loc":{"start":{"line":2,"column":36},"end":{"line":5,"column":1}},"line":2}},"branchMap":{"0":{"loc":{"start":{"line":3,"column":4},"end":{"line":3,"column":72}},"type":"if","locations":[{"start":{"line":3,"column":4},"end":{"line":3,"column":72}},{"start":{"line":3,"column":4},"end":{"line":3,"column":72}}],"line":3}},"s":{"0":0,"1":0,"2":0,"3":2},"f":{"0":0},"b":{"0":[0,0]},"_coverageSchema":"1a1c01bbd47fc00a2c39e90264f33305004495a9","hash":"4d128dd3d6bc44aedec713d133d882c3cf14825e"}
,"/mnt/c/Users/Ori Zilka/Git/vidly/middleware/auth.js": {"path":"/mnt/c/Users/Ori Zilka/Git/vidly/middleware/auth.js","statementMap":{"0":{"start":{"line":1,"column":12},"end":{"line":1,"column":35}},"1":{"start":{"line":2,"column":15},"end":{"line":2,"column":32}},"2":{"start":{"line":5,"column":18},"end":{"line":5,"column":54}},"3":{"start":{"line":6,"column":4},"end":{"line":6,"column":79}},"4":{"start":{"line":6,"column":15},"end":{"line":6,"column":79}},"5":{"start":{"line":8,"column":4},"end":{"line":15,"column":5}},"6":{"start":{"line":9,"column":24},"end":{"line":9,"column":70}},"7":{"start":{"line":10,"column":8},"end":{"line":10,"column":27}},"8":{"start":{"line":11,"column":8},"end":{"line":11,"column":15}},"9":{"start":{"line":14,"column":8},"end":{"line":14,"column":46}},"10":{"start":{"line":18,"column":0},"end":{"line":18,"column":22}}},"fnMap":{"0":{"name":"auth","decl":{"start":{"line":4,"column":9},"end":{"line":4,"column":13}},"loc":{"start":{"line":4,"column":30},"end":{"line":16,"column":1}},"line":4}},"branchMap":{"0":{"loc":{"start":{"line":6,"column":4},"end":{"line":6,"column":79}},"type":"if","locations":[{"start":{"line":6,"column":4},"end":{"line":6,"column":79}},{"start":{"line":6,"column":4},"end":{"line":6,"column":79}}],"line":6}},"s":{"0":3,"1":3,"2":9,"3":9,"4":2,"5":7,"6":7,"7":6,"8":6,"9":1,"10":3},"f":{"0":9},"b":{"0":[2,7]},"_coverageSchema":"1a1c01bbd47fc00a2c39e90264f33305004495a9","hash":"b5192269924e9215539a809658cbfc6cf32c60fa"}
,"/mnt/c/Users/Ori Zilka/Git/vidly/middleware/error.js": {"path":"/mnt/c/Users/Ori Zilka/Git/vidly/middleware/error.js","statementMap":{"0":{"start":{"line":2,"column":0},"end":{"line":2,"column":27}},"1":{"start":{"line":3,"column":45},"end":{"line":3,"column":63}},"2":{"start":{"line":5,"column":15},"end":{"line":21,"column":2}},"3":{"start":{"line":23,"column":0},"end":{"line":26,"column":1}},"4":{"start":{"line":24,"column":4},"end":{"line":24,"column":51}},"5":{"start":{"line":25,"column":4},"end":{"line":25,"column":46}}},"fnMap":{"0":{"name":"(anonymous_0)","decl":{"start":{"line":23,"column":17},"end":{"line":23,"column":18}},"loc":{"start":{"line":23,"column":47},"end":{"line":26,"column":1}},"line":23}},"branchMap":{},"s":{"0":2,"1":2,"2":2,"3":2,"4":0,"5":0},"f":{"0":0},"b":{},"_coverageSchema":"1a1c01bbd47fc00a2c39e90264f33305004495a9","hash":"90cc845c79f3962308782c647672a5209eab4607"}
,"/mnt/c/Users/Ori Zilka/Git/vidly/middleware/validateObjectId.js": {"path":"/mnt/c/Users/Ori Zilka/Git/vidly/middleware/validateObjectId.js","statementMap":{"0":{"start":{"line":1,"column":17},"end":{"line":1,"column":36}},"1":{"start":{"line":3,"column":0},"end":{"line":8,"column":2}},"2":{"start":{"line":4,"column":4},"end":{"line":6,"column":5}},"3":{"start":{"line":5,"column":8},"end":{"line":5,"column":51}},"4":{"start":{"line":7,"column":4},"end":{"line":7,"column":11}}},"fnMap":{"0":{"name":"(anonymous_0)","decl":{"start":{"line":3,"column":17},"end":{"line":3,"column":18}},"loc":{"start":{"line":3,"column":42},"end":{"line":8,"column":1}},"line":3}},"branchMap":{"0":{"loc":{"start":{"line":4,"column":4},"end":{"line":6,"column":5}},"type":"if","locations":[{"start":{"line":4,"column":4},"end":{"line":6,"column":5}},{"start":{"line":4,"column":4},"end":{"line":6,"column":5}}],"line":4}},"s":{"0":2,"1":2,"2":2,"3":1,"4":1},"f":{"0":2},"b":{"0":[1,1]},"_coverageSchema":"1a1c01bbd47fc00a2c39e90264f33305004495a9","hash":"dea429215fea349af579e75c41551f9dde662a96"}
,"/mnt/c/Users/Ori Zilka/Git/vidly/models/customer.js": {"path":"/mnt/c/Users/Ori Zilka/Git/vidly/models/customer.js","statementMap":{"0":{"start":{"line":1,"column":17},"end":{"line":1,"column":36}},"1":{"start":{"line":2,"column":12},"end":{"line":2,"column":32}},"2":{"start":{"line":4,"column":23},"end":{"line":21,"column":2}},"3":{"start":{"line":23,"column":17},"end":{"line":23,"column":59}},"4":{"start":{"line":27,"column":19},"end":{"line":31,"column":10}},"5":{"start":{"line":32,"column":4},"end":{"line":32,"column":37}},"6":{"start":{"line":35,"column":0},"end":{"line":35,"column":47}},"7":{"start":{"line":36,"column":0},"end":{"line":36,"column":35}},"8":{"start":{"line":37,"column":0},"end":{"line":37,"column":44}}},"fnMap":{"0":{"name":"validateCustomers","decl":{"start":{"line":26,"column":9},"end":{"line":26,"column":26}},"loc":{"start":{"line":26,"column":37},"end":{"line":33,"column":1}},"line":26}},"branchMap":{},"s":{"0":2,"1":2,"2":2,"3":2,"4":0,"5":0,"6":2,"7":2,"8":2},"f":{"0":0},"b":{},"_coverageSchema":"1a1c01bbd47fc00a2c39e90264f33305004495a9","hash":"1b925a69b2b0a9eace939113d2915fab34814280"}
,"/mnt/c/Users/Ori Zilka/Git/vidly/models/genre.js": {"path":"/mnt/c/Users/Ori Zilka/Git/vidly/models/genre.js","statementMap":{"0":{"start":{"line":1,"column":17},"end":{"line":1,"column":36}},"1":{"start":{"line":2,"column":12},"end":{"line":2,"column":32}},"2":{"start":{"line":4,"column":20},"end":{"line":11,"column":2}},"3":{"start":{"line":13,"column":14},"end":{"line":13,"column":50}},"4":{"start":{"line":17,"column":19},"end":{"line":19,"column":10}},"5":{"start":{"line":20,"column":4},"end":{"line":20,"column":34}},"6":{"start":{"line":23,"column":0},"end":{"line":23,"column":41}},"7":{"start":{"line":24,"column":0},"end":{"line":24,"column":29}},"8":{"start":{"line":25,"column":0},"end":{"line":25,"column":41}}},"fnMap":{"0":{"name":"validateGenres","decl":{"start":{"line":16,"column":9},"end":{"line":16,"column":23}},"loc":{"start":{"line":16,"column":31},"end":{"line":21,"column":1}},"line":16}},"branchMap":{},"s":{"0":2,"1":2,"2":2,"3":2,"4":5,"5":5,"6":2,"7":2,"8":2},"f":{"0":5},"b":{},"_coverageSchema":"1a1c01bbd47fc00a2c39e90264f33305004495a9","hash":"56bb2136a64d4e807ec7bf152da55ded44219165"}
,"/mnt/c/Users/Ori Zilka/Git/vidly/models/movie.js": {"path":"/mnt/c/Users/Ori Zilka/Git/vidly/models/movie.js","statementMap":{"0":{"start":{"line":1,"column":17},"end":{"line":1,"column":36}},"1":{"start":{"line":2,"column":12},"end":{"line":2,"column":32}},"2":{"start":{"line":3,"column":22},"end":{"line":3,"column":40}},"3":{"start":{"line":5,"column":20},"end":{"line":29,"column":2}},"4":{"start":{"line":31,"column":14},"end":{"line":31,"column":50}},"5":{"start":{"line":35,"column":19},"end":{"line":40,"column":10}},"6":{"start":{"line":41,"column":4},"end":{"line":41,"column":34}},"7":{"start":{"line":44,"column":0},"end":{"line":44,"column":41}},"8":{"start":{"line":45,"column":0},"end":{"line":45,"column":29}},"9":{"start":{"line":46,"column":0},"end":{"line":46,"column":40}}},"fnMap":{"0":{"name":"validateMovie","decl":{"start":{"line":34,"column":9},"end":{"line":34,"column":22}},"loc":{"start":{"line":34,"column":30},"end":{"line":42,"column":1}},"line":34}},"branchMap":{},"s":{"0":2,"1":2,"2":2,"3":2,"4":2,"5":0,"6":0,"7":2,"8":2,"9":2},"f":{"0":0},"b":{},"_coverageSchema":"1a1c01bbd47fc00a2c39e90264f33305004495a9","hash":"4d18f665374526807c8b9cd20c9c78fe3ec7209d"}
,"/mnt/c/Users/Ori Zilka/Git/vidly/models/rental.js": {"path":"/mnt/c/Users/Ori Zilka/Git/vidly/models/rental.js","statementMap":{"0":{"start":{"line":1,"column":17},"end":{"line":1,"column":36}},"1":{"start":{"line":2,"column":12},"end":{"line":2,"column":32}},"2":{"start":{"line":4,"column":22},"end":{"line":4,"column":40}},"3":{"start":{"line":7,"column":15},"end":{"line":59,"column":3}},"4":{"start":{"line":63,"column":19},"end":{"line":66,"column":10}},"5":{"start":{"line":67,"column":4},"end":{"line":67,"column":35}},"6":{"start":{"line":70,"column":0},"end":{"line":70,"column":31}},"7":{"start":{"line":71,"column":0},"end":{"line":71,"column":41}}},"fnMap":{"0":{"name":"validateRental","decl":{"start":{"line":62,"column":9},"end":{"line":62,"column":23}},"loc":{"start":{"line":62,"column":32},"end":{"line":68,"column":1}},"line":62}},"branchMap":{},"s":{"0":2,"1":2,"2":2,"3":2,"4":0,"5":0,"6":2,"7":2},"f":{"0":0},"b":{},"_coverageSchema":"1a1c01bbd47fc00a2c39e90264f33305004495a9","hash":"37d84165c5bee145127baa389713421b11a69b38"}
,"/mnt/c/Users/Ori Zilka/Git/vidly/models/user.js": {"path":"/mnt/c/Users/Ori Zilka/Git/vidly/models/user.js","statementMap":{"0":{"start":{"line":1,"column":15},"end":{"line":1,"column":32}},"1":{"start":{"line":2,"column":12},"end":{"line":2,"column":35}},"2":{"start":{"line":3,"column":17},"end":{"line":3,"column":36}},"3":{"start":{"line":4,"column":12},"end":{"line":4,"column":32}},"4":{"start":{"line":6,"column":19},"end":{"line":27,"column":2}},"5":{"start":{"line":29,"column":0},"end":{"line":32,"column":1}},"6":{"start":{"line":30,"column":18},"end":{"line":30,"column":97}},"7":{"start":{"line":31,"column":4},"end":{"line":31,"column":17}},"8":{"start":{"line":33,"column":13},"end":{"line":33,"column":48}},"9":{"start":{"line":48,"column":19},"end":{"line":55,"column":10}},"10":{"start":{"line":56,"column":4},"end":{"line":56,"column":33}},"11":{"start":{"line":59,"column":0},"end":{"line":59,"column":27}},"12":{"start":{"line":60,"column":0},"end":{"line":60,"column":39}}},"fnMap":{"0":{"name":"(anonymous_0)","decl":{"start":{"line":29,"column":39},"end":{"line":29,"column":40}},"loc":{"start":{"line":29,"column":50},"end":{"line":32,"column":1}},"line":29},"1":{"name":"validateUser","decl":{"start":{"line":36,"column":9},"end":{"line":36,"column":21}},"loc":{"start":{"line":36,"column":28},"end":{"line":57,"column":1}},"line":36}},"branchMap":{},"s":{"0":4,"1":4,"2":4,"3":4,"4":4,"5":4,"6":10,"7":10,"8":4,"9":0,"10":0,"11":4,"12":4},"f":{"0":10,"1":0},"b":{},"_coverageSchema":"1a1c01bbd47fc00a2c39e90264f33305004495a9","hash":"f0fc2e8e23c0d3126f63b73650516c850cdf7bc3"}
,"/mnt/c/Users/Ori Zilka/Git/vidly/routes/auth.js": {"path":"/mnt/c/Users/Ori Zilka/Git/vidly/routes/auth.js","statementMap":{"0":{"start":{"line":1,"column":10},"end":{"line":1,"column":27}},"1":{"start":{"line":2,"column":15},"end":{"line":2,"column":32}},"2":{"start":{"line":3,"column":15},"end":{"line":3,"column":32}},"3":{"start":{"line":4,"column":12},"end":{"line":4,"column":35}},"4":{"start":{"line":5,"column":15},"end":{"line":5,"column":40}},"5":{"start":{"line":6,"column":12},"end":{"line":6,"column":32}},"6":{"start":{"line":7,"column":16},"end":{"line":7,"column":34}},"7":{"start":{"line":8,"column":15},"end":{"line":8,"column":31}},"8":{"start":{"line":11,"column":0},"end":{"line":23,"column":3}},"9":{"start":{"line":12,"column":22},"end":{"line":12,"column":40}},"10":{"start":{"line":13,"column":4},"end":{"line":13,"column":68}},"11":{"start":{"line":13,"column":14},"end":{"line":13,"column":68}},"12":{"start":{"line":15,"column":15},"end":{"line":15,"column":60}},"13":{"start":{"line":16,"column":4},"end":{"line":16,"column":59}},"14":{"start":{"line":16,"column":14},"end":{"line":16,"column":59}},"15":{"start":{"line":18,"column":26},"end":{"line":18,"column":80}},"16":{"start":{"line":19,"column":4},"end":{"line":19,"column":72}},"17":{"start":{"line":19,"column":24},"end":{"line":19,"column":72}},"18":{"start":{"line":21,"column":18},"end":{"line":21,"column":42}},"19":{"start":{"line":22,"column":4},"end":{"line":22,"column":20}},"20":{"start":{"line":26,"column":19},"end":{"line":30,"column":10}},"21":{"start":{"line":31,"column":4},"end":{"line":31,"column":32}},"22":{"start":{"line":34,"column":0},"end":{"line":34,"column":24}}},"fnMap":{"0":{"name":"(anonymous_0)","decl":{"start":{"line":11,"column":17},"end":{"line":11,"column":18}},"loc":{"start":{"line":11,"column":36},"end":{"line":23,"column":1}},"line":11},"1":{"name":"validate","decl":{"start":{"line":25,"column":9},"end":{"line":25,"column":17}},"loc":{"start":{"line":25,"column":23},"end":{"line":32,"column":1}},"line":25}},"branchMap":{"0":{"loc":{"start":{"line":13,"column":4},"end":{"line":13,"column":68}},"type":"if","locations":[{"start":{"line":13,"column":4},"end":{"line":13,"column":68}},{"start":{"line":13,"column":4},"end":{"line":13,"column":68}}],"line":13},"1":{"loc":{"start":{"line":16,"column":4},"end":{"line":16,"column":59}},"type":"if","locations":[{"start":{"line":16,"column":4},"end":{"line":16,"column":59}},{"start":{"line":16,"column":4},"end":{"line":16,"column":59}}],"line":16},"2":{"loc":{"start":{"line":19,"column":4},"end":{"line":19,"column":72}},"type":"if","locations":[{"start":{"line":19,"column":4},"end":{"line":19,"column":72}},{"start":{"line":19,"column":4},"end":{"line":19,"column":72}}],"line":19}},"s":{"0":2,"1":2,"2":2,"3":2,"4":2,"5":2,"6":2,"7":2,"8":2,"9":0,"10":0,"11":0,"12":0,"13":0,"14":0,"15":0,"16":0,"17":0,"18":0,"19":0,"20":0,"21":0,"22":2},"f":{"0":0,"1":0},"b":{"0":[0,0],"1":[0,0],"2":[0,0]},"_coverageSchema":"1a1c01bbd47fc00a2c39e90264f33305004495a9","hash":"0a1a87d1414dbddc0c61f68d51b2f253bb690ec2"}
,"/mnt/c/Users/Ori Zilka/Git/vidly/routes/customers.js": {"path":"/mnt/c/Users/Ori Zilka/Git/vidly/routes/customers.js","statementMap":{"0":{"start":{"line":1,"column":29},"end":{"line":1,"column":58}},"1":{"start":{"line":2,"column":16},"end":{"line":2,"column":34}},"2":{"start":{"line":3,"column":15},"end":{"line":3,"column":31}},"3":{"start":{"line":4,"column":25},"end":{"line":4,"column":66}},"4":{"start":{"line":7,"column":0},"end":{"line":10,"column":3}},"5":{"start":{"line":8,"column":22},"end":{"line":8,"column":61}},"6":{"start":{"line":9,"column":4},"end":{"line":9,"column":24}},"7":{"start":{"line":13,"column":0},"end":{"line":17,"column":3}},"8":{"start":{"line":14,"column":21},"end":{"line":14,"column":59}},"9":{"start":{"line":15,"column":4},"end":{"line":15,"column":94}},"10":{"start":{"line":15,"column":19},"end":{"line":15,"column":94}},"11":{"start":{"line":16,"column":4},"end":{"line":16,"column":23}},"12":{"start":{"line":20,"column":0},"end":{"line":39,"column":3}},"13":{"start":{"line":21,"column":22},"end":{"line":21,"column":40}},"14":{"start":{"line":22,"column":4},"end":{"line":22,"column":68}},"15":{"start":{"line":22,"column":14},"end":{"line":22,"column":68}},"16":{"start":{"line":25,"column":21},"end":{"line":29,"column":6}},"17":{"start":{"line":31,"column":4},"end":{"line":37,"column":5}},"18":{"start":{"line":32,"column":8},"end":{"line":32,"column":30}},"19":{"start":{"line":35,"column":8},"end":{"line":36,"column":50}},"20":{"start":{"line":36,"column":12},"end":{"line":36,"column":50}},"21":{"start":{"line":38,"column":4},"end":{"line":38,"column":23}},"22":{"start":{"line":42,"column":0},"end":{"line":56,"column":3}},"23":{"start":{"line":43,"column":22},"end":{"line":43,"column":40}},"24":{"start":{"line":44,"column":4},"end":{"line":44,"column":68}},"25":{"start":{"line":44,"column":14},"end":{"line":44,"column":68}},"26":{"start":{"line":46,"column":21},"end":{"line":52,"column":21}},"27":{"start":{"line":54,"column":4},"end":{"line":54,"column":94}},"28":{"start":{"line":54,"column":19},"end":{"line":54,"column":94}},"29":{"start":{"line":55,"column":4},"end":{"line":55,"column":23}},"30":{"start":{"line":59,"column":0},"end":{"line":63,"column":3}},"31":{"start":{"line":60,"column":21},"end":{"line":60,"column":68}},"32":{"start":{"line":61,"column":4},"end":{"line":61,"column":94}},"33":{"start":{"line":61,"column":19},"end":{"line":61,"column":94}},"34":{"start":{"line":62,"column":4},"end":{"line":62,"column":23}},"35":{"start":{"line":65,"column":0},"end":{"line":65,"column":24}}},"fnMap":{"0":{"name":"(anonymous_0)","decl":{"start":{"line":7,"column":16},"end":{"line":7,"column":17}},"loc":{"start":{"line":7,"column":35},"end":{"line":10,"column":1}},"line":7},"1":{"name":"(anonymous_1)","decl":{"start":{"line":13,"column":37},"end":{"line":13,"column":38}},"loc":{"start":{"line":13,"column":56},"end":{"line":17,"column":1}},"line":13},"2":{"name":"(anonymous_2)","decl":{"start":{"line":20,"column":17},"end":{"line":20,"column":18}},"loc":{"start":{"line":20,"column":36},"end":{"line":39,"column":1}},"line":20},"3":{"name":"(anonymous_3)","decl":{"start":{"line":42,"column":37},"end":{"line":42,"column":38}},"loc":{"start":{"line":42,"column":56},"end":{"line":56,"column":1}},"line":42},"4":{"name":"(anonymous_4)","decl":{"start":{"line":59,"column":40},"end":{"line":59,"column":41}},"loc":{"start":{"line":59,"column":59},"end":{"line":63,"column":1}},"line":59}},"branchMap":{"0":{"loc":{"start":{"line":15,"column":4},"end":{"line":15,"column":94}},"type":"if","locations":[{"start":{"line":15,"column":4},"end":{"line":15,"column":94}},{"start":{"line":15,"column":4},"end":{"line":15,"column":94}}],"line":15},"1":{"loc":{"start":{"line":22,"column":4},"end":{"line":22,"column":68}},"type":"if","locations":[{"start":{"line":22,"column":4},"end":{"line":22,"column":68}},{"start":{"line":22,"column":4},"end":{"line":22,"column":68}}],"line":22},"2":{"loc":{"start":{"line":44,"column":4},"end":{"line":44,"column":68}},"type":"if","locations":[{"start":{"line":44,"column":4},"end":{"line":44,"column":68}},{"start":{"line":44,"column":4},"end":{"line":44,"column":68}}],"line":44},"3":{"loc":{"start":{"line":54,"column":4},"end":{"line":54,"column":94}},"type":"if","locations":[{"start":{"line":54,"column":4},"end":{"line":54,"column":94}},{"start":{"line":54,"column":4},"end":{"line":54,"column":94}}],"line":54},"4":{"loc":{"start":{"line":61,"column":4},"end":{"line":61,"column":94}},"type":"if","locations":[{"start":{"line":61,"column":4},"end":{"line":61,"column":94}},{"start":{"line":61,"column":4},"end":{"line":61,"column":94}}],"line":61}},"s":{"0":2,"1":2,"2":2,"3":2,"4":2,"5":0,"6":0,"7":2,"8":0,"9":0,"10":0,"11":0,"12":2,"13":0,"14":0,"15":0,"16":0,"17":0,"18":0,"19":0,"20":0,"21":0,"22":2,"23":0,"24":0,"25":0,"26":0,"27":0,"28":0,"29":0,"30":2,"31":0,"32":0,"33":0,"34":0,"35":2},"f":{"0":0,"1":0,"2":0,"3":0,"4":0},"b":{"0":[0,0],"1":[0,0],"2":[0,0],"3":[0,0],"4":[0,0]},"_coverageSchema":"1a1c01bbd47fc00a2c39e90264f33305004495a9","hash":"1de615379447ee8f927a3c9ce37956d6af229333"}
,"/mnt/c/Users/Ori Zilka/Git/vidly/routes/genres.js": {"path":"/mnt/c/Users/Ori Zilka/Git/vidly/routes/genres.js","statementMap":{"0":{"start":{"line":1,"column":14},"end":{"line":1,"column":44}},"1":{"start":{"line":2,"column":13},"end":{"line":2,"column":42}},"2":{"start":{"line":3,"column":26},"end":{"line":3,"column":52}},"3":{"start":{"line":4,"column":16},"end":{"line":4,"column":34}},"4":{"start":{"line":5,"column":15},"end":{"line":5,"column":31}},"5":{"start":{"line":6,"column":25},"end":{"line":6,"column":66}},"6":{"start":{"line":9,"column":0},"end":{"line":12,"column":3}},"7":{"start":{"line":10,"column":19},"end":{"line":10,"column":55}},"8":{"start":{"line":11,"column":4},"end":{"line":11,"column":21}},"9":{"start":{"line":15,"column":0},"end":{"line":21,"column":3}},"10":{"start":{"line":16,"column":18},"end":{"line":16,"column":53}},"11":{"start":{"line":18,"column":4},"end":{"line":18,"column":88}},"12":{"start":{"line":18,"column":16},"end":{"line":18,"column":88}},"13":{"start":{"line":20,"column":4},"end":{"line":20,"column":20}},"14":{"start":{"line":24,"column":0},"end":{"line":39,"column":3}},"15":{"start":{"line":25,"column":22},"end":{"line":25,"column":40}},"16":{"start":{"line":26,"column":4},"end":{"line":26,"column":68}},"17":{"start":{"line":26,"column":14},"end":{"line":26,"column":68}},"18":{"start":{"line":29,"column":18},"end":{"line":29,"column":52}},"19":{"start":{"line":31,"column":4},"end":{"line":37,"column":5}},"20":{"start":{"line":32,"column":8},"end":{"line":32,"column":27}},"21":{"start":{"line":35,"column":8},"end":{"line":36,"column":50}},"22":{"start":{"line":36,"column":12},"end":{"line":36,"column":50}},"23":{"start":{"line":38,"column":4},"end":{"line":38,"column":20}},"24":{"start":{"line":42,"column":0},"end":{"line":54,"column":3}},"25":{"start":{"line":43,"column":22},"end":{"line":43,"column":40}},"26":{"start":{"line":44,"column":4},"end":{"line":44,"column":68}},"27":{"start":{"line":44,"column":14},"end":{"line":44,"column":68}},"28":{"start":{"line":46,"column":18},"end":{"line":50,"column":21}},"29":{"start":{"line":52,"column":4},"end":{"line":52,"column":88}},"30":{"start":{"line":52,"column":16},"end":{"line":52,"column":88}},"31":{"start":{"line":53,"column":4},"end":{"line":53,"column":20}},"32":{"start":{"line":57,"column":0},"end":{"line":61,"column":3}},"33":{"start":{"line":58,"column":18},"end":{"line":58,"column":62}},"34":{"start":{"line":59,"column":4},"end":{"line":59,"column":88}},"35":{"start":{"line":59,"column":16},"end":{"line":59,"column":88}},"36":{"start":{"line":60,"column":4},"end":{"line":60,"column":20}},"37":{"start":{"line":63,"column":0},"end":{"line":63,"column":24}}},"fnMap":{"0":{"name":"(anonymous_0)","decl":{"start":{"line":9,"column":16},"end":{"line":9,"column":17}},"loc":{"start":{"line":9,"column":36},"end":{"line":12,"column":1}},"line":9},"1":{"name":"(anonymous_1)","decl":{"start":{"line":15,"column":37},"end":{"line":15,"column":38}},"loc":{"start":{"line":15,"column":56},"end":{"line":21,"column":1}},"line":15},"2":{"name":"(anonymous_2)","decl":{"start":{"line":24,"column":23},"end":{"line":24,"column":24}},"loc":{"start":{"line":24,"column":42},"end":{"line":39,"column":1}},"line":24},"3":{"name":"(anonymous_3)","decl":{"start":{"line":42,"column":43},"end":{"line":42,"column":44}},"loc":{"start":{"line":42,"column":62},"end":{"line":54,"column":1}},"line":42},"4":{"name":"(anonymous_4)","decl":{"start":{"line":57,"column":55},"end":{"line":57,"column":56}},"loc":{"start":{"line":57,"column":74},"end":{"line":61,"column":1}},"line":57}},"branchMap":{"0":{"loc":{"start":{"line":18,"column":4},"end":{"line":18,"column":88}},"type":"if","locations":[{"start":{"line":18,"column":4},"end":{"line":18,"column":88}},{"start":{"line":18,"column":4},"end":{"line":18,"column":88}}],"line":18},"1":{"loc":{"start":{"line":26,"column":4},"end":{"line":26,"column":68}},"type":"if","locations":[{"start":{"line":26,"column":4},"end":{"line":26,"column":68}},{"start":{"line":26,"column":4},"end":{"line":26,"column":68}}],"line":26},"2":{"loc":{"start":{"line":44,"column":4},"end":{"line":44,"column":68}},"type":"if","locations":[{"start":{"line":44,"column":4},"end":{"line":44,"column":68}},{"start":{"line":44,"column":4},"end":{"line":44,"column":68}}],"line":44},"3":{"loc":{"start":{"line":52,"column":4},"end":{"line":52,"column":88}},"type":"if","locations":[{"start":{"line":52,"column":4},"end":{"line":52,"column":88}},{"start":{"line":52,"column":4},"end":{"line":52,"column":88}}],"line":52},"4":{"loc":{"start":{"line":59,"column":4},"end":{"line":59,"column":88}},"type":"if","locations":[{"start":{"line":59,"column":4},"end":{"line":59,"column":88}},{"start":{"line":59,"column":4},"end":{"line":59,"column":88}}],"line":59}},"s":{"0":2,"1":2,"2":2,"3":2,"4":2,"5":2,"6":2,"7":0,"8":0,"9":2,"10":1,"11":1,"12":1,"13":0,"14":2,"15":5,"16":5,"17":2,"18":3,"19":3,"20":3,"21":0,"22":0,"23":3,"24":2,"25":0,"26":0,"27":0,"28":0,"29":0,"30":0,"31":0,"32":2,"33":0,"34":0,"35":0,"36":0,"37":2},"f":{"0":0,"1":1,"2":5,"3":0,"4":0},"b":{"0":[1,0],"1":[2,3],"2":[0,0],"3":[0,0],"4":[0,0]},"_coverageSchema":"1a1c01bbd47fc00a2c39e90264f33305004495a9","hash":"e9b3f7159667ab99383edeb4b6138203b1adb8e9"}
,"/mnt/c/Users/Ori Zilka/Git/vidly/routes/movies.js": {"path":"/mnt/c/Users/Ori Zilka/Git/vidly/routes/movies.js","statementMap":{"0":{"start":{"line":1,"column":13},"end":{"line":1,"column":42}},"1":{"start":{"line":2,"column":26},"end":{"line":2,"column":52}},"2":{"start":{"line":3,"column":16},"end":{"line":3,"column":42}},"3":{"start":{"line":4,"column":16},"end":{"line":4,"column":34}},"4":{"start":{"line":5,"column":15},"end":{"line":5,"column":31}},"5":{"start":{"line":6,"column":25},"end":{"line":6,"column":66}},"6":{"start":{"line":10,"column":0},"end":{"line":14,"column":3}},"7":{"start":{"line":11,"column":4},"end":{"line":11,"column":49}},"8":{"start":{"line":12,"column":19},"end":{"line":12,"column":56}},"9":{"start":{"line":13,"column":4},"end":{"line":13,"column":21}},"10":{"start":{"line":17,"column":0},"end":{"line":21,"column":3}},"11":{"start":{"line":18,"column":18},"end":{"line":18,"column":53}},"12":{"start":{"line":19,"column":4},"end":{"line":19,"column":88}},"13":{"start":{"line":19,"column":16},"end":{"line":19,"column":88}},"14":{"start":{"line":20,"column":4},"end":{"line":20,"column":20}},"15":{"start":{"line":24,"column":0},"end":{"line":50,"column":3}},"16":{"start":{"line":25,"column":22},"end":{"line":25,"column":40}},"17":{"start":{"line":26,"column":4},"end":{"line":26,"column":68}},"18":{"start":{"line":26,"column":14},"end":{"line":26,"column":68}},"19":{"start":{"line":28,"column":18},"end":{"line":28,"column":56}},"20":{"start":{"line":29,"column":4},"end":{"line":29,"column":88}},"21":{"start":{"line":29,"column":16},"end":{"line":29,"column":88}},"22":{"start":{"line":32,"column":18},"end":{"line":40,"column":6}},"23":{"start":{"line":42,"column":4},"end":{"line":48,"column":5}},"24":{"start":{"line":43,"column":8},"end":{"line":43,"column":27}},"25":{"start":{"line":46,"column":8},"end":{"line":47,"column":50}},"26":{"start":{"line":47,"column":12},"end":{"line":47,"column":50}},"27":{"start":{"line":49,"column":4},"end":{"line":49,"column":20}},"28":{"start":{"line":53,"column":0},"end":{"line":74,"column":3}},"29":{"start":{"line":54,"column":22},"end":{"line":54,"column":40}},"30":{"start":{"line":55,"column":4},"end":{"line":55,"column":68}},"31":{"start":{"line":55,"column":14},"end":{"line":55,"column":68}},"32":{"start":{"line":57,"column":18},"end":{"line":57,"column":56}},"33":{"start":{"line":58,"column":4},"end":{"line":58,"column":88}},"34":{"start":{"line":58,"column":16},"end":{"line":58,"column":88}},"35":{"start":{"line":60,"column":18},"end":{"line":70,"column":21}},"36":{"start":{"line":72,"column":4},"end":{"line":72,"column":88}},"37":{"start":{"line":72,"column":16},"end":{"line":72,"column":88}},"38":{"start":{"line":73,"column":4},"end":{"line":73,"column":20}},"39":{"start":{"line":77,"column":0},"end":{"line":81,"column":3}},"40":{"start":{"line":78,"column":18},"end":{"line":78,"column":62}},"41":{"start":{"line":79,"column":4},"end":{"line":79,"column":88}},"42":{"start":{"line":79,"column":16},"end":{"line":79,"column":88}},"43":{"start":{"line":80,"column":4},"end":{"line":80,"column":20}},"44":{"start":{"line":83,"column":0},"end":{"line":83,"column":24}}},"fnMap":{"0":{"name":"(anonymous_0)","decl":{"start":{"line":10,"column":16},"end":{"line":10,"column":17}},"loc":{"start":{"line":10,"column":35},"end":{"line":14,"column":1}},"line":10},"1":{"name":"(anonymous_1)","decl":{"start":{"line":17,"column":37},"end":{"line":17,"column":38}},"loc":{"start":{"line":17,"column":56},"end":{"line":21,"column":1}},"line":17},"2":{"name":"(anonymous_2)","decl":{"start":{"line":24,"column":23},"end":{"line":24,"column":24}},"loc":{"start":{"line":24,"column":42},"end":{"line":50,"column":1}},"line":24},"3":{"name":"(anonymous_3)","decl":{"start":{"line":53,"column":43},"end":{"line":53,"column":44}},"loc":{"start":{"line":53,"column":62},"end":{"line":74,"column":1}},"line":53},"4":{"name":"(anonymous_4)","decl":{"start":{"line":77,"column":40},"end":{"line":77,"column":41}},"loc":{"start":{"line":77,"column":59},"end":{"line":81,"column":1}},"line":77}},"branchMap":{"0":{"loc":{"start":{"line":19,"column":4},"end":{"line":19,"column":88}},"type":"if","locations":[{"start":{"line":19,"column":4},"end":{"line":19,"column":88}},{"start":{"line":19,"column":4},"end":{"line":19,"column":88}}],"line":19},"1":{"loc":{"start":{"line":26,"column":4},"end":{"line":26,"column":68}},"type":"if","locations":[{"start":{"line":26,"column":4},"end":{"line":26,"column":68}},{"start":{"line":26,"column":4},"end":{"line":26,"column":68}}],"line":26},"2":{"loc":{"start":{"line":29,"column":4},"end":{"line":29,"column":88}},"type":"if","locations":[{"start":{"line":29,"column":4},"end":{"line":29,"column":88}},{"start":{"line":29,"column":4},"end":{"line":29,"column":88}}],"line":29},"3":{"loc":{"start":{"line":55,"column":4},"end":{"line":55,"column":68}},"type":"if","locations":[{"start":{"line":55,"column":4},"end":{"line":55,"column":68}},{"start":{"line":55,"column":4},"end":{"line":55,"column":68}}],"line":55},"4":{"loc":{"start":{"line":58,"column":4},"end":{"line":58,"column":88}},"type":"if","locations":[{"start":{"line":58,"column":4},"end":{"line":58,"column":88}},{"start":{"line":58,"column":4},"end":{"line":58,"column":88}}],"line":58},"5":{"loc":{"start":{"line":72,"column":4},"end":{"line":72,"column":88}},"type":"if","locations":[{"start":{"line":72,"column":4},"end":{"line":72,"column":88}},{"start":{"line":72,"column":4},"end":{"line":72,"column":88}}],"line":72},"6":{"loc":{"start":{"line":79,"column":4},"end":{"line":79,"column":88}},"type":"if","locations":[{"start":{"line":79,"column":4},"end":{"line":79,"column":88}},{"start":{"line":79,"column":4},"end":{"line":79,"column":88}}],"line":79}},"s":{"0":2,"1":2,"2":2,"3":2,"4":2,"5":2,"6":2,"7":0,"8":0,"9":0,"10":2,"11":0,"12":0,"13":0,"14":0,"15":2,"16":0,"17":0,"18":0,"19":0,"20":0,"21":0,"22":0,"23":0,"24":0,"25":0,"26":0,"27":0,"28":2,"29":0,"30":0,"31":0,"32":0,"33":0,"34":0,"35":0,"36":0,"37":0,"38":0,"39":2,"40":0,"41":0,"42":0,"43":0,"44":2},"f":{"0":0,"1":0,"2":0,"3":0,"4":0},"b":{"0":[0,0],"1":[0,0],"2":[0,0],"3":[0,0],"4":[0,0],"5":[0,0],"6":[0,0]},"_coverageSchema":"1a1c01bbd47fc00a2c39e90264f33305004495a9","hash":"c879cea74413496b26b8fde75bdab4841748aa17"}
,"/mnt/c/Users/Ori Zilka/Git/vidly/routes/rentals.js": {"path":"/mnt/c/Users/Ori Zilka/Git/vidly/routes/rentals.js","statementMap":{"0":{"start":{"line":1,"column":27},"end":{"line":1,"column":54}},"1":{"start":{"line":2,"column":19},"end":{"line":2,"column":48}},"2":{"start":{"line":3,"column":16},"end":{"line":3,"column":42}},"3":{"start":{"line":4,"column":13},"end":{"line":4,"column":28}},"4":{"start":{"line":5,"column":17},"end":{"line":5,"column":36}},"5":{"start":{"line":6,"column":16},"end":{"line":6,"column":34}},"6":{"start":{"line":7,"column":15},"end":{"line":7,"column":31}},"7":{"start":{"line":8,"column":25},"end":{"line":8,"column":66}},"8":{"start":{"line":11,"column":0},"end":{"line":11,"column":20}},"9":{"start":{"line":14,"column":0},"end":{"line":17,"column":3}},"10":{"start":{"line":15,"column":20},"end":{"line":15,"column":56}},"11":{"start":{"line":16,"column":4},"end":{"line":16,"column":22}},"12":{"start":{"line":20,"column":0},"end":{"line":24,"column":3}},"13":{"start":{"line":21,"column":19},"end":{"line":21,"column":55}},"14":{"start":{"line":22,"column":4},"end":{"line":22,"column":90}},"15":{"start":{"line":22,"column":17},"end":{"line":22,"column":90}},"16":{"start":{"line":23,"column":4},"end":{"line":23,"column":21}},"17":{"start":{"line":27,"column":0},"end":{"line":66,"column":3}},"18":{"start":{"line":28,"column":22},"end":{"line":28,"column":40}},"19":{"start":{"line":29,"column":4},"end":{"line":29,"column":68}},"20":{"start":{"line":29,"column":14},"end":{"line":29,"column":68}},"21":{"start":{"line":31,"column":21},"end":{"line":31,"column":65}},"22":{"start":{"line":32,"column":4},"end":{"line":32,"column":94}},"23":{"start":{"line":32,"column":19},"end":{"line":32,"column":94}},"24":{"start":{"line":34,"column":18},"end":{"line":34,"column":56}},"25":{"start":{"line":35,"column":4},"end":{"line":35,"column":88}},"26":{"start":{"line":35,"column":16},"end":{"line":35,"column":88}},"27":{"start":{"line":37,"column":4},"end":{"line":37,"column":98}},"28":{"start":{"line":37,"column":35},"end":{"line":37,"column":98}},"29":{"start":{"line":40,"column":17},"end":{"line":52,"column":6}},"30":{"start":{"line":54,"column":4},"end":{"line":64,"column":5}},"31":{"start":{"line":55,"column":8},"end":{"line":60,"column":19}},"32":{"start":{"line":63,"column":8},"end":{"line":63,"column":49}},"33":{"start":{"line":65,"column":4},"end":{"line":65,"column":21}},"34":{"start":{"line":72,"column":0},"end":{"line":72,"column":24}}},"fnMap":{"0":{"name":"(anonymous_0)","decl":{"start":{"line":14,"column":16},"end":{"line":14,"column":17}},"loc":{"start":{"line":14,"column":35},"end":{"line":17,"column":1}},"line":14},"1":{"name":"(anonymous_1)","decl":{"start":{"line":20,"column":37},"end":{"line":20,"column":38}},"loc":{"start":{"line":20,"column":56},"end":{"line":24,"column":1}},"line":20},"2":{"name":"(anonymous_2)","decl":{"start":{"line":27,"column":17},"end":{"line":27,"column":18}},"loc":{"start":{"line":27,"column":36},"end":{"line":66,"column":1}},"line":27}},"branchMap":{"0":{"loc":{"start":{"line":22,"column":4},"end":{"line":22,"column":90}},"type":"if","locations":[{"start":{"line":22,"column":4},"end":{"line":22,"column":90}},{"start":{"line":22,"column":4},"end":{"line":22,"column":90}}],"line":22},"1":{"loc":{"start":{"line":29,"column":4},"end":{"line":29,"column":68}},"type":"if","locations":[{"start":{"line":29,"column":4},"end":{"line":29,"column":68}},{"start":{"line":29,"column":4},"end":{"line":29,"column":68}}],"line":29},"2":{"loc":{"start":{"line":32,"column":4},"end":{"line":32,"column":94}},"type":"if","locations":[{"start":{"line":32,"column":4},"end":{"line":32,"column":94}},{"start":{"line":32,"column":4},"end":{"line":32,"column":94}}],"line":32},"3":{"loc":{"start":{"line":35,"column":4},"end":{"line":35,"column":88}},"type":"if","locations":[{"start":{"line":35,"column":4},"end":{"line":35,"column":88}},{"start":{"line":35,"column":4},"end":{"line":35,"column":88}}],"line":35},"4":{"loc":{"start":{"line":37,"column":4},"end":{"line":37,"column":98}},"type":"if","locations":[{"start":{"line":37,"column":4},"end":{"line":37,"column":98}},{"start":{"line":37,"column":4},"end":{"line":37,"column":98}}],"line":37}},"s":{"0":2,"1":2,"2":2,"3":2,"4":2,"5":2,"6":2,"7":2,"8":2,"9":2,"10":0,"11":0,"12":2,"13":0,"14":0,"15":0,"16":0,"17":2,"18":0,"19":0,"20":0,"21":0,"22":0,"23":0,"24":0,"25":0,"26":0,"27":0,"28":0,"29":0,"30":0,"31":0,"32":0,"33":0,"34":2},"f":{"0":0,"1":0,"2":0},"b":{"0":[0,0],"1":[0,0],"2":[0,0],"3":[0,0],"4":[0,0]},"_coverageSchema":"1a1c01bbd47fc00a2c39e90264f33305004495a9","hash":"5353252f9dae80e7538b9268c2d82f26e6b2415b"}
,"/mnt/c/Users/Ori Zilka/Git/vidly/routes/users.js": {"path":"/mnt/c/Users/Ori Zilka/Git/vidly/routes/users.js","statementMap":{"0":{"start":{"line":1,"column":13},"end":{"line":1,"column":42}},"1":{"start":{"line":2,"column":10},"end":{"line":2,"column":27}},"2":{"start":{"line":3,"column":15},"end":{"line":3,"column":32}},"3":{"start":{"line":4,"column":25},"end":{"line":4,"column":50}},"4":{"start":{"line":5,"column":16},"end":{"line":5,"column":34}},"5":{"start":{"line":6,"column":15},"end":{"line":6,"column":31}},"6":{"start":{"line":7,"column":25},"end":{"line":7,"column":66}},"7":{"start":{"line":11,"column":0},"end":{"line":14,"column":3}},"8":{"start":{"line":12,"column":18},"end":{"line":12,"column":71}},"9":{"start":{"line":13,"column":4},"end":{"line":13,"column":20}},"10":{"start":{"line":17,"column":0},"end":{"line":39,"column":3}},"11":{"start":{"line":18,"column":22},"end":{"line":18,"column":40}},"12":{"start":{"line":19,"column":4},"end":{"line":19,"column":68}},"13":{"start":{"line":19,"column":14},"end":{"line":19,"column":68}},"14":{"start":{"line":21,"column":15},"end":{"line":21,"column":60}},"15":{"start":{"line":22,"column":4},"end":{"line":22,"column":102}},"16":{"start":{"line":22,"column":13},"end":{"line":22,"column":102}},"17":{"start":{"line":25,"column":4},"end":{"line":25,"column":71}},"18":{"start":{"line":26,"column":17},"end":{"line":26,"column":41}},"19":{"start":{"line":27,"column":4},"end":{"line":27,"column":59}},"20":{"start":{"line":29,"column":4},"end":{"line":35,"column":5}},"21":{"start":{"line":30,"column":8},"end":{"line":30,"column":26}},"22":{"start":{"line":33,"column":8},"end":{"line":34,"column":50}},"23":{"start":{"line":34,"column":12},"end":{"line":34,"column":50}},"24":{"start":{"line":37,"column":18},"end":{"line":37,"column":42}},"25":{"start":{"line":38,"column":4},"end":{"line":38,"column":95}},"26":{"start":{"line":42,"column":0},"end":{"line":46,"column":3}},"27":{"start":{"line":43,"column":17},"end":{"line":43,"column":60}},"28":{"start":{"line":44,"column":4},"end":{"line":44,"column":86}},"29":{"start":{"line":44,"column":15},"end":{"line":44,"column":86}},"30":{"start":{"line":45,"column":4},"end":{"line":45,"column":19}},"31":{"start":{"line":48,"column":0},"end":{"line":48,"column":24}}},"fnMap":{"0":{"name":"(anonymous_0)","decl":{"start":{"line":11,"column":24},"end":{"line":11,"column":25}},"loc":{"start":{"line":11,"column":43},"end":{"line":14,"column":1}},"line":11},"1":{"name":"(anonymous_1)","decl":{"start":{"line":17,"column":17},"end":{"line":17,"column":18}},"loc":{"start":{"line":17,"column":36},"end":{"line":39,"column":1}},"line":17},"2":{"name":"(anonymous_2)","decl":{"start":{"line":42,"column":40},"end":{"line":42,"column":41}},"loc":{"start":{"line":42,"column":59},"end":{"line":46,"column":1}},"line":42}},"branchMap":{"0":{"loc":{"start":{"line":19,"column":4},"end":{"line":19,"column":68}},"type":"if","locations":[{"start":{"line":19,"column":4},"end":{"line":19,"column":68}},{"start":{"line":19,"column":4},"end":{"line":19,"column":68}}],"line":19},"1":{"loc":{"start":{"line":22,"column":4},"end":{"line":22,"column":102}},"type":"if","locations":[{"start":{"line":22,"column":4},"end":{"line":22,"column":102}},{"start":{"line":22,"column":4},"end":{"line":22,"column":102}}],"line":22},"2":{"loc":{"start":{"line":44,"column":4},"end":{"line":44,"column":86}},"type":"if","locations":[{"start":{"line":44,"column":4},"end":{"line":44,"column":86}},{"start":{"line":44,"column":4},"end":{"line":44,"column":86}}],"line":44}},"s":{"0":2,"1":2,"2":2,"3":2,"4":2,"5":2,"6":2,"7":2,"8":0,"9":0,"10":2,"11":0,"12":0,"13":0,"14":0,"15":0,"16":0,"17":0,"18":0,"19":0,"20":0,"21":0,"22":0,"23":0,"24":0,"25":0,"26":2,"27":0,"28":0,"29":0,"30":0,"31":2},"f":{"0":0,"1":0,"2":0},"b":{"0":[0,0],"1":[0,0],"2":[0,0]},"_coverageSchema":"1a1c01bbd47fc00a2c39e90264f33305004495a9","hash":"9ed568ce6b5585ab6bcc4d56b5081ec27c22c0ba"}
,"/mnt/c/Users/Ori Zilka/Git/vidly/startup/config.js": {"path":"/mnt/c/Users/Ori Zilka/Git/vidly/startup/config.js","statementMap":{"0":{"start":{"line":1,"column":15},"end":{"line":1,"column":32}},"1":{"start":{"line":3,"column":0},"end":{"line":7,"column":1}},"2":{"start":{"line":4,"column":4},"end":{"line":6,"column":5}},"3":{"start":{"line":5,"column":8},"end":{"line":5,"column":69}}},"fnMap":{"0":{"name":"(anonymous_0)","decl":{"start":{"line":3,"column":17},"end":{"line":3,"column":18}},"loc":{"start":{"line":3,"column":28},"end":{"line":7,"column":1}},"line":3}},"branchMap":{"0":{"loc":{"start":{"line":4,"column":4},"end":{"line":6,"column":5}},"type":"if","locations":[{"start":{"line":4,"column":4},"end":{"line":6,"column":5}},{"start":{"line":4,"column":4},"end":{"line":6,"column":5}}],"line":4}},"s":{"0":2,"1":2,"2":2,"3":0},"f":{"0":2},"b":{"0":[0,2]},"_coverageSchema":"1a1c01bbd47fc00a2c39e90264f33305004495a9","hash":"57448368cf93441e7c0fe02aa851644fc0966927"}
,"/mnt/c/Users/Ori Zilka/Git/vidly/startup/db.js": {"path":"/mnt/c/Users/Ori Zilka/Git/vidly/startup/db.js","statementMap":{"0":{"start":{"line":1,"column":17},"end":{"line":1,"column":36}},"1":{"start":{"line":2,"column":19},"end":{"line":2,"column":39}},"2":{"start":{"line":3,"column":15},"end":{"line":3,"column":32}},"3":{"start":{"line":6,"column":0},"end":{"line":16,"column":1}},"4":{"start":{"line":7,"column":15},"end":{"line":7,"column":31}},"5":{"start":{"line":8,"column":4},"end":{"line":14,"column":11}},"6":{"start":{"line":13,"column":12},"end":{"line":13,"column":49}}},"fnMap":{"0":{"name":"(anonymous_0)","decl":{"start":{"line":6,"column":17},"end":{"line":6,"column":18}},"loc":{"start":{"line":6,"column":28},"end":{"line":16,"column":1}},"line":6},"1":{"name":"(anonymous_1)","decl":{"start":{"line":12,"column":14},"end":{"line":12,"column":15}},"loc":{"start":{"line":12,"column":20},"end":{"line":14,"column":9}},"line":12}},"branchMap":{},"s":{"0":2,"1":2,"2":2,"3":2,"4":2,"5":2,"6":2},"f":{"0":2,"1":2},"b":{},"_coverageSchema":"1a1c01bbd47fc00a2c39e90264f33305004495a9","hash":"3dbe2ad0f68145e57df2cbc38c7793d451ba6e77"}
,"/mnt/c/Users/Ori Zilka/Git/vidly/startup/logging.js": {"path":"/mnt/c/Users/Ori Zilka/Git/vidly/startup/logging.js","statementMap":{"0":{"start":{"line":1,"column":0},"end":{"line":1,"column":32}},"1":{"start":{"line":2,"column":0},"end":{"line":2,"column":27}},"2":{"start":{"line":3,"column":45},"end":{"line":3,"column":63}},"3":{"start":{"line":5,"column":16},"end":{"line":15,"column":2}},"4":{"start":{"line":17,"column":0},"end":{"line":37,"column":1}},"5":{"start":{"line":26,"column":4},"end":{"line":31,"column":7}},"6":{"start":{"line":27,"column":8},"end":{"line":27,"column":53}},"7":{"start":{"line":28,"column":8},"end":{"line":30,"column":17}},"8":{"start":{"line":29,"column":12},"end":{"line":29,"column":28}},"9":{"start":{"line":33,"column":4},"end":{"line":36,"column":7}},"10":{"start":{"line":34,"column":8},"end":{"line":34,"column":17}},"11":{"start":{"line":39,"column":0},"end":{"line":39,"column":31}}},"fnMap":{"0":{"name":"(anonymous_0)","decl":{"start":{"line":17,"column":17},"end":{"line":17,"column":18}},"loc":{"start":{"line":17,"column":29},"end":{"line":37,"column":1}},"line":17},"1":{"name":"(anonymous_1)","decl":{"start":{"line":26,"column":36},"end":{"line":26,"column":37}},"loc":{"start":{"line":26,"column":44},"end":{"line":31,"column":5}},"line":26},"2":{"name":"(anonymous_2)","decl":{"start":{"line":28,"column":19},"end":{"line":28,"column":20}},"loc":{"start":{"line":28,"column":25},"end":{"line":30,"column":9}},"line":28},"3":{"name":"(anonymous_3)","decl":{"start":{"line":33,"column":37},"end":{"line":33,"column":38}},"loc":{"start":{"line":33,"column":45},"end":{"line":36,"column":5}},"line":33}},"branchMap":{},"s":{"0":2,"1":2,"2":2,"3":2,"4":2,"5":2,"6":0,"7":0,"8":0,"9":2,"10":0,"11":2},"f":{"0":2,"1":0,"2":0,"3":0},"b":{},"_coverageSchema":"1a1c01bbd47fc00a2c39e90264f33305004495a9","hash":"c14675f1158ebca1681a8d5e8fa199a456d2d477"}
,"/mnt/c/Users/Ori Zilka/Git/vidly/startup/routes.js": {"path":"/mnt/c/Users/Ori Zilka/Git/vidly/startup/routes.js","statementMap":{"0":{"start":{"line":1,"column":16},"end":{"line":1,"column":34}},"1":{"start":{"line":2,"column":14},"end":{"line":2,"column":44}},"2":{"start":{"line":3,"column":15},"end":{"line":3,"column":42}},"3":{"start":{"line":4,"column":18},"end":{"line":4,"column":48}},"4":{"start":{"line":5,"column":15},"end":{"line":5,"column":42}},"5":{"start":{"line":6,"column":16},"end":{"line":6,"column":44}},"6":{"start":{"line":7,"column":14},"end":{"line":7,"column":40}},"7":{"start":{"line":8,"column":13},"end":{"line":8,"column":38}},"8":{"start":{"line":10,"column":0},"end":{"line":19,"column":1}},"9":{"start":{"line":11,"column":4},"end":{"line":11,"column":28}},"10":{"start":{"line":12,"column":4},"end":{"line":12,"column":35}},"11":{"start":{"line":13,"column":4},"end":{"line":13,"column":41}},"12":{"start":{"line":14,"column":4},"end":{"line":14,"column":35}},"13":{"start":{"line":15,"column":4},"end":{"line":15,"column":37}},"14":{"start":{"line":16,"column":4},"end":{"line":16,"column":33}},"15":{"start":{"line":17,"column":4},"end":{"line":17,"column":31}},"16":{"start":{"line":18,"column":4},"end":{"line":18,"column":19}}},"fnMap":{"0":{"name":"(anonymous_0)","decl":{"start":{"line":10,"column":17},"end":{"line":10,"column":18}},"loc":{"start":{"line":10,"column":31},"end":{"line":19,"column":1}},"line":10}},"branchMap":{},"s":{"0":2,"1":2,"2":2,"3":2,"4":2,"5":2,"6":2,"7":2,"8":2,"9":2,"10":2,"11":2,"12":2,"13":2,"14":2,"15":2,"16":2},"f":{"0":2},"b":{},"_coverageSchema":"1a1c01bbd47fc00a2c39e90264f33305004495a9","hash":"1205a545ff313cdefbd1f01fa46bc7d3a10bd6d2"}
,"/mnt/c/Users/Ori Zilka/Git/vidly/startup/validation.js": {"path":"/mnt/c/Users/Ori Zilka/Git/vidly/startup/validation.js","statementMap":{"0":{"start":{"line":1,"column":12},"end":{"line":1,"column":32}},"1":{"start":{"line":3,"column":0},"end":{"line":5,"column":1}},"2":{"start":{"line":4,"column":4},"end":{"line":4,"column":48}}},"fnMap":{"0":{"name":"(anonymous_0)","decl":{"start":{"line":3,"column":17},"end":{"line":3,"column":18}},"loc":{"start":{"line":3,"column":28},"end":{"line":5,"column":1}},"line":3}},"branchMap":{},"s":{"0":2,"1":2,"2":2},"f":{"0":2},"b":{},"_coverageSchema":"1a1c01bbd47fc00a2c39e90264f33305004495a9","hash":"7a227020b040fe3d75a77fbdf5fb7685ebee0063"}
}
