TN:
SF:index.js
FN:16,(anonymous_0)
FNF:1
FNH:1
FNDA:2,(anonymous_0)
DA:1,2
DA:2,2
DA:3,2
DA:5,2
DA:6,2
DA:7,2
DA:8,2
DA:9,2
DA:15,2
DA:16,2
DA:18,2
LF:11
LH:11
BRDA:15,0,0,2
BRDA:15,0,1,2
BRF:2
BRH:2
end_of_record
TN:
SF:middleware/admin.js
FN:2,adminAuth
FNF:1
FNH:0
FNDA:0,adminAuth
DA:3,0
DA:4,0
DA:7,2
LF:3
LH:1
BRDA:3,0,0,0
BRDA:3,0,1,0
BRF:2
BRH:0
end_of_record
TN:
SF:middleware/auth.js
FN:4,auth
FNF:1
FNH:1
FNDA:9,auth
DA:1,3
DA:2,3
DA:5,9
DA:6,9
DA:8,7
DA:9,7
DA:10,6
DA:11,6
DA:14,1
DA:18,3
LF:10
LH:10
BRDA:6,0,0,2
BRDA:6,0,1,7
BRF:2
BRH:2
end_of_record
TN:
SF:middleware/error.js
FN:23,(anonymous_0)
FNF:1
FNH:0
FNDA:0,(anonymous_0)
DA:2,2
DA:3,2
DA:5,2
DA:23,2
DA:24,0
DA:25,0
LF:6
LH:4
BRF:0
BRH:0
end_of_record
TN:
SF:middleware/validateObjectId.js
FN:3,(anonymous_0)
FNF:1
FNH:1
FNDA:2,(anonymous_0)
DA:1,2
DA:3,2
DA:4,2
DA:5,1
DA:7,1
LF:5
LH:5
BRDA:4,0,0,1
BRDA:4,0,1,1
BRF:2
BRH:2
end_of_record
TN:
SF:models/customer.js
FN:26,validateCustomers
FNF:1
FNH:0
FNDA:0,validateCustomers
DA:1,2
DA:2,2
DA:4,2
DA:23,2
DA:27,0
DA:32,0
DA:35,2
DA:36,2
DA:37,2
LF:9
LH:7
BRF:0
BRH:0
end_of_record
TN:
SF:models/genre.js
FN:16,validateGenres
FNF:1
FNH:1
FNDA:5,validateGenres
DA:1,2
DA:2,2
DA:4,2
DA:13,2
DA:17,5
DA:20,5
DA:23,2
DA:24,2
DA:25,2
LF:9
LH:9
BRF:0
BRH:0
end_of_record
TN:
SF:models/movie.js
FN:34,validateMovie
FNF:1
FNH:0
FNDA:0,validateMovie
DA:1,2
DA:2,2
DA:3,2
DA:5,2
DA:31,2
DA:35,0
DA:41,0
DA:44,2
DA:45,2
DA:46,2
LF:10
LH:8
BRF:0
BRH:0
end_of_record
TN:
SF:models/rental.js
FN:62,validateRental
FNF:1
FNH:0
FNDA:0,validateRental
DA:1,2
DA:2,2
DA:4,2
DA:7,2
DA:63,0
DA:67,0
DA:70,2
DA:71,2
LF:8
LH:6
BRF:0
BRH:0
end_of_record
TN:
SF:models/user.js
FN:29,(anonymous_0)
FN:36,validateUser
FNF:2
FNH:1
FNDA:10,(anonymous_0)
FNDA:0,validateUser
DA:1,4
DA:2,4
DA:3,4
DA:4,4
DA:6,4
DA:29,4
DA:30,10
DA:31,10
DA:33,4
DA:48,0
DA:56,0
DA:59,4
DA:60,4
LF:13
LH:11
BRF:0
BRH:0
end_of_record
TN:
SF:routes/auth.js
FN:11,(anonymous_0)
FN:25,validate
FNF:2
FNH:0
FNDA:0,(anonymous_0)
FNDA:0,validate
DA:1,2
DA:2,2
DA:3,2
DA:4,2
DA:5,2
DA:6,2
DA:7,2
DA:8,2
DA:11,2
DA:12,0
DA:13,0
DA:15,0
DA:16,0
DA:18,0
DA:19,0
DA:21,0
DA:22,0
DA:26,0
DA:31,0
DA:34,2
LF:20
LH:10
BRDA:13,0,0,0
BRDA:13,0,1,0
BRDA:16,1,0,0
BRDA:16,1,1,0
BRDA:19,2,0,0
BRDA:19,2,1,0
BRF:6
BRH:0
end_of_record
TN:
SF:routes/customers.js
FN:7,(anonymous_0)
FN:13,(anonymous_1)
FN:20,(anonymous_2)
FN:42,(anonymous_3)
FN:59,(anonymous_4)
FNF:5
FNH:0
FNDA:0,(anonymous_0)
FNDA:0,(anonymous_1)
FNDA:0,(anonymous_2)
FNDA:0,(anonymous_3)
FNDA:0,(anonymous_4)
DA:1,2
DA:2,2
DA:3,2
DA:4,2
DA:7,2
DA:8,0
DA:9,0
DA:13,2
DA:14,0
DA:15,0
DA:16,0
DA:20,2
DA:21,0
DA:22,0
DA:25,0
DA:31,0
DA:32,0
DA:35,0
DA:36,0
DA:38,0
DA:42,2
DA:43,0
DA:44,0
DA:46,0
DA:54,0
DA:55,0
DA:59,2
DA:60,0
DA:61,0
DA:62,0
DA:65,2
LF:31
LH:10
BRDA:15,0,0,0
BRDA:15,0,1,0
BRDA:22,1,0,0
BRDA:22,1,1,0
BRDA:44,2,0,0
BRDA:44,2,1,0
BRDA:54,3,0,0
BRDA:54,3,1,0
BRDA:61,4,0,0
BRDA:61,4,1,0
BRF:10
BRH:0
end_of_record
TN:
SF:routes/genres.js
FN:9,(anonymous_0)
FN:15,(anonymous_1)
FN:24,(anonymous_2)
FN:42,(anonymous_3)
FN:57,(anonymous_4)
FNF:5
FNH:2
FNDA:0,(anonymous_0)
FNDA:1,(anonymous_1)
FNDA:5,(anonymous_2)
FNDA:0,(anonymous_3)
FNDA:0,(anonymous_4)
DA:1,2
DA:2,2
DA:3,2
DA:4,2
DA:5,2
DA:6,2
DA:9,2
DA:10,0
DA:11,0
DA:15,2
DA:16,1
DA:18,1
DA:20,0
DA:24,2
DA:25,5
DA:26,5
DA:29,3
DA:31,3
DA:32,3
DA:35,0
DA:36,0
DA:38,3
DA:42,2
DA:43,0
DA:44,0
DA:46,0
DA:52,0
DA:53,0
DA:57,2
DA:58,0
DA:59,0
DA:60,0
DA:63,2
LF:33
LH:20
BRDA:18,0,0,1
BRDA:18,0,1,0
BRDA:26,1,0,2
BRDA:26,1,1,3
BRDA:44,2,0,0
BRDA:44,2,1,0
BRDA:52,3,0,0
BRDA:52,3,1,0
BRDA:59,4,0,0
BRDA:59,4,1,0
BRF:10
BRH:3
end_of_record
TN:
SF:routes/movies.js
FN:10,(anonymous_0)
FN:17,(anonymous_1)
FN:24,(anonymous_2)
FN:53,(anonymous_3)
FN:77,(anonymous_4)
FNF:5
FNH:0
FNDA:0,(anonymous_0)
FNDA:0,(anonymous_1)
FNDA:0,(anonymous_2)
FNDA:0,(anonymous_3)
FNDA:0,(anonymous_4)
DA:1,2
DA:2,2
DA:3,2
DA:4,2
DA:5,2
DA:6,2
DA:10,2
DA:11,0
DA:12,0
DA:13,0
DA:17,2
DA:18,0
DA:19,0
DA:20,0
DA:24,2
DA:25,0
DA:26,0
DA:28,0
DA:29,0
DA:32,0
DA:42,0
DA:43,0
DA:46,0
DA:47,0
DA:49,0
DA:53,2
DA:54,0
DA:55,0
DA:57,0
DA:58,0
DA:60,0
DA:72,0
DA:73,0
DA:77,2
DA:78,0
DA:79,0
DA:80,0
DA:83,2
LF:38
LH:12
BRDA:19,0,0,0
BRDA:19,0,1,0
BRDA:26,1,0,0
BRDA:26,1,1,0
BRDA:29,2,0,0
BRDA:29,2,1,0
BRDA:55,3,0,0
BRDA:55,3,1,0
BRDA:58,4,0,0
BRDA:58,4,1,0
BRDA:72,5,0,0
BRDA:72,5,1,0
BRDA:79,6,0,0
BRDA:79,6,1,0
BRF:14
BRH:0
end_of_record
TN:
SF:routes/rentals.js
FN:14,(anonymous_0)
FN:20,(anonymous_1)
FN:27,(anonymous_2)
FNF:3
FNH:0
FNDA:0,(anonymous_0)
FNDA:0,(anonymous_1)
FNDA:0,(anonymous_2)
DA:1,2
DA:2,2
DA:3,2
DA:4,2
DA:5,2
DA:6,2
DA:7,2
DA:8,2
DA:11,2
DA:14,2
DA:15,0
DA:16,0
DA:20,2
DA:21,0
DA:22,0
DA:23,0
DA:27,2
DA:28,0
DA:29,0
DA:31,0
DA:32,0
DA:34,0
DA:35,0
DA:37,0
DA:40,0
DA:54,0
DA:55,0
DA:63,0
DA:65,0
DA:72,2
LF:30
LH:13
BRDA:22,0,0,0
BRDA:22,0,1,0
BRDA:29,1,0,0
BRDA:29,1,1,0
BRDA:32,2,0,0
BRDA:32,2,1,0
BRDA:35,3,0,0
BRDA:35,3,1,0
BRDA:37,4,0,0
BRDA:37,4,1,0
BRF:10
BRH:0
end_of_record
TN:
SF:routes/users.js
FN:11,(anonymous_0)
FN:17,(anonymous_1)
FN:42,(anonymous_2)
FNF:3
FNH:0
FNDA:0,(anonymous_0)
FNDA:0,(anonymous_1)
FNDA:0,(anonymous_2)
DA:1,2
DA:2,2
DA:3,2
DA:4,2
DA:5,2
DA:6,2
DA:7,2
DA:11,2
DA:12,0
DA:13,0
DA:17,2
DA:18,0
DA:19,0
DA:21,0
DA:22,0
DA:25,0
DA:26,0
DA:27,0
DA:29,0
DA:30,0
DA:33,0
DA:34,0
DA:37,0
DA:38,0
DA:42,2
DA:43,0
DA:44,0
DA:45,0
DA:48,2
LF:29
LH:11
BRDA:19,0,0,0
BRDA:19,0,1,0
BRDA:22,1,0,0
BRDA:22,1,1,0
BRDA:44,2,0,0
BRDA:44,2,1,0
BRF:6
BRH:0
end_of_record
TN:
SF:startup/config.js
FN:3,(anonymous_0)
FNF:1
FNH:1
FNDA:2,(anonymous_0)
DA:1,2
DA:3,2
DA:4,2
DA:5,0
LF:4
LH:3
BRDA:4,0,0,0
BRDA:4,0,1,2
BRF:2
BRH:1
end_of_record
TN:
SF:startup/db.js
FN:6,(anonymous_0)
FN:12,(anonymous_1)
FNF:2
FNH:2
FNDA:2,(anonymous_0)
FNDA:2,(anonymous_1)
DA:1,2
DA:2,2
DA:3,2
DA:6,2
DA:7,2
DA:8,2
DA:13,2
LF:7
LH:7
BRF:0
BRH:0
end_of_record
TN:
SF:startup/logging.js
FN:17,(anonymous_0)
FN:26,(anonymous_1)
FN:28,(anonymous_2)
FN:33,(anonymous_3)
FNF:4
FNH:1
FNDA:2,(anonymous_0)
FNDA:0,(anonymous_1)
FNDA:0,(anonymous_2)
FNDA:0,(anonymous_3)
DA:1,2
DA:2,2
DA:3,2
DA:5,2
DA:17,2
DA:26,2
DA:27,0
DA:28,0
DA:29,0
DA:33,2
DA:34,0
DA:39,2
LF:12
LH:8
BRF:0
BRH:0
end_of_record
TN:
SF:startup/routes.js
FN:10,(anonymous_0)
FNF:1
FNH:1
FNDA:2,(anonymous_0)
DA:1,2
DA:2,2
DA:3,2
DA:4,2
DA:5,2
DA:6,2
DA:7,2
DA:8,2
DA:10,2
DA:11,2
DA:12,2
DA:13,2
DA:14,2
DA:15,2
DA:16,2
DA:17,2
DA:18,2
LF:17
LH:17
BRF:0
BRH:0
end_of_record
TN:
SF:startup/validation.js
FN:3,(anonymous_0)
FNF:1
FNH:1
FNDA:2,(anonymous_0)
DA:1,2
DA:3,2
DA:4,2
LF:3
LH:3
BRF:0
BRH:0
end_of_record
